[    1198ms] [LOG] %c⚠️ Peringatan Keamanan font-size:24px; font-weight:bold; color:#ef4444; @ https://store.olpos.id/_olpos/CzLyqVQ-.js:20
[    1198ms] [LOG] %cHalaman ini dilindungi. Jangan menempelkan kode atau skrip yang tidak dikenal di console.
Fitur ini hanya untuk developer yang berwenang. font-size:13px; color:#666; line-height:1.5; @ https://store.olpos.id/_olpos/CzLyqVQ-.js:20
[   24276ms] [LOG] %c⚠️ Peringatan Keamanan font-size:24px; font-weight:bold; color:#ef4444; @ https://store.olpos.id/_olpos/CzLyqVQ-.js:20
[   24277ms] [LOG] %cHalaman ini dilindungi. Jangan menempelkan kode atau skrip yang tidak dikenal di console.
Fitur ini hanya untuk developer yang berwenang. font-size:13px; color:#666; line-height:1.5; @ https://store.olpos.id/_olpos/CzLyqVQ-.js:20
[   25402ms] [ERROR] Failed to load resource: the server responded with a status of 400 (Bad Request) @ https://be.olpos.id/e_commerce/v1/auth/register:0
[   37473ms] [LOG] %c⚠️ Peringatan Keamanan font-size:24px; font-weight:bold; color:#ef4444; @ https://store.olpos.id/_olpos/CzLyqVQ-.js:20
[   37473ms] [LOG] %cHalaman ini dilindungi. Jangan menempelkan kode atau skrip yang tidak dikenal di console.
Fitur ini hanya untuk developer yang berwenang. font-size:13px; color:#666; line-height:1.5; @ https://store.olpos.id/_olpos/CzLyqVQ-.js:20
[   38582ms] [ERROR] Failed to load resource: the server responded with a status of 400 (Bad Request) @ https://be.olpos.id/e_commerce/v1/auth/register:0
[   51727ms] [LOG] %c⚠️ Peringatan Keamanan font-size:24px; font-weight:bold; color:#ef4444; @ https://store.olpos.id/_olpos/CzLyqVQ-.js:20
[   51727ms] [LOG] %cHalaman ini dilindungi. Jangan menempelkan kode atau skrip yang tidak dikenal di console.
Fitur ini hanya untuk developer yang berwenang. font-size:13px; color:#666; line-height:1.5; @ https://store.olpos.id/_olpos/CzLyqVQ-.js:20
[   52817ms] [ERROR] Failed to load resource: the server responded with a status of 400 (Bad Request) @ https://be.olpos.id/e_commerce/v1/auth/register:0
[   53181ms] [LOG] %c⚠️ Peringatan Keamanan font-size:24px; font-weight:bold; color:#ef4444; @ https://store.olpos.id/_olpos/CzLyqVQ-.js:20
[   53181ms] [LOG] %cHalaman ini dilindungi. Jangan menempelkan kode atau skrip yang tidak dikenal di console.
Fitur ini hanya untuk developer yang berwenang. font-size:13px; color:#666; line-height:1.5; @ https://store.olpos.id/_olpos/CzLyqVQ-.js:20
[   98348ms] [LOG] %c⚠️ Peringatan Keamanan font-size:24px; font-weight:bold; color:#ef4444; @ https://store.olpos.id/_olpos/CzLyqVQ-.js:20
[   98348ms] [LOG] %cHalaman ini dilindungi. Jangan menempelkan kode atau skrip yang tidak dikenal di console.
Fitur ini hanya untuk developer yang berwenang. font-size:13px; color:#666; line-height:1.5; @ https://store.olpos.id/_olpos/CzLyqVQ-.js:20
[   99407ms] [ERROR] Failed to load resource: the server responded with a status of 400 (Bad Request) @ https://be.olpos.id/e_commerce/v1/auth/register:0
[   99785ms] [LOG] %c⚠️ Peringatan Keamanan font-size:24px; font-weight:bold; color:#ef4444; @ https://store.olpos.id/_olpos/CzLyqVQ-.js:20
[   99786ms] [LOG] %cHalaman ini dilindungi. Jangan menempelkan kode atau skrip yang tidak dikenal di console.
Fitur ini hanya untuk developer yang berwenang. font-size:13px; color:#666; line-height:1.5; @ https://store.olpos.id/_olpos/CzLyqVQ-.js:20
[  116732ms] [LOG] %c⚠️ Peringatan Keamanan font-size:24px; font-weight:bold; color:#ef4444; @ https://store.olpos.id/_olpos/CzLyqVQ-.js:20
[  116732ms] [LOG] %cHalaman ini dilindungi. Jangan menempelkan kode atau skrip yang tidak dikenal di console.
Fitur ini hanya untuk developer yang berwenang. font-size:13px; color:#666; line-height:1.5; @ https://store.olpos.id/_olpos/CzLyqVQ-.js:20
[  117820ms] [ERROR] Failed to load resource: the server responded with a status of 400 (Bad Request) @ https://be.olpos.id/e_commerce/v1/auth/register:0
[  132207ms] [LOG] %c⚠️ Peringatan Keamanan font-size:24px; font-weight:bold; color:#ef4444; @ https://store.olpos.id/_olpos/CzLyqVQ-.js:20
[  132207ms] [LOG] %cHalaman ini dilindungi. Jangan menempelkan kode atau skrip yang tidak dikenal di console.
Fitur ini hanya untuk developer yang berwenang. font-size:13px; color:#666; line-height:1.5; @ https://store.olpos.id/_olpos/CzLyqVQ-.js:20
[  134255ms] [ERROR] Failed to load resource: the server responded with a status of 400 (Bad Request) @ https://be.olpos.id/e_commerce/v1/auth/register:0
[  152730ms] [LOG] %c⚠️ Peringatan Keamanan font-size:24px; font-weight:bold; color:#ef4444; @ https://store.olpos.id/_olpos/CzLyqVQ-.js:20
[  152731ms] [LOG] %cHalaman ini dilindungi. Jangan menempelkan kode atau skrip yang tidak dikenal di console.
Fitur ini hanya untuk developer yang berwenang. font-size:13px; color:#666; line-height:1.5; @ https://store.olpos.id/_olpos/CzLyqVQ-.js:20
[  156256ms] [LOG] %c⚠️ Peringatan Keamanan font-size:24px; font-weight:bold; color:#ef4444; @ https://store.olpos.id/_olpos/CzLyqVQ-.js:20
[  156257ms] [LOG] %cHalaman ini dilindungi. Jangan menempelkan kode atau skrip yang tidak dikenal di console.
Fitur ini hanya untuk developer yang berwenang. font-size:13px; color:#666; line-height:1.5; @ https://store.olpos.id/_olpos/CzLyqVQ-.js:20
[  157739ms] [ERROR] Failed to load resource: the server responded with a status of 401 (Unauthorized) @ https://be.olpos.id/e_commerce/v1/me:0
[  159703ms] [LOG] %c⚠️ Peringatan Keamanan font-size:24px; font-weight:bold; color:#ef4444; @ https://store.olpos.id/_olpos/CzLyqVQ-.js:20
[  159704ms] [LOG] %cHalaman ini dilindungi. Jangan menempelkan kode atau skrip yang tidak dikenal di console.
Fitur ini hanya untuk developer yang berwenang. font-size:13px; color:#666; line-height:1.5; @ https://store.olpos.id/_olpos/CzLyqVQ-.js:20
[  161118ms] [ERROR] Failed to load resource: the server responded with a status of 401 (Unauthorized) @ https://be.olpos.id/e_commerce/v1/me:0
[  163159ms] [LOG] %c⚠️ Peringatan Keamanan font-size:24px; font-weight:bold; color:#ef4444; @ https://store.olpos.id/_olpos/CzLyqVQ-.js:20
[  163159ms] [LOG] %cHalaman ini dilindungi. Jangan menempelkan kode atau skrip yang tidak dikenal di console.
Fitur ini hanya untuk developer yang berwenang. font-size:13px; color:#666; line-height:1.5; @ https://store.olpos.id/_olpos/CzLyqVQ-.js:20
[  164325ms] [ERROR] Failed to load resource: the server responded with a status of 400 (Bad Request) @ https://be.olpos.id/e_commerce/v1/auth/register:0
[  166788ms] [LOG] %c⚠️ Peringatan Keamanan font-size:24px; font-weight:bold; color:#ef4444; @ https://store.olpos.id/_olpos/CzLyqVQ-.js:20
[  166788ms] [LOG] %cHalaman ini dilindungi. Jangan menempelkan kode atau skrip yang tidak dikenal di console.
Fitur ini hanya untuk developer yang berwenang. font-size:13px; color:#666; line-height:1.5; @ https://store.olpos.id/_olpos/CzLyqVQ-.js:20
[  168413ms] [ERROR] Failed to load resource: the server responded with a status of 401 (Unauthorized) @ https://be.olpos.id/e_commerce/v1/me:0
[  170468ms] [LOG] %c⚠️ Peringatan Keamanan font-size:24px; font-weight:bold; color:#ef4444; @ https://store.olpos.id/_olpos/CzLyqVQ-.js:20
[  170468ms] [LOG] %cHalaman ini dilindungi. Jangan menempelkan kode atau skrip yang tidak dikenal di console.
Fitur ini hanya untuk developer yang berwenang. font-size:13px; color:#666; line-height:1.5; @ https://store.olpos.id/_olpos/CzLyqVQ-.js:20
[  171823ms] [ERROR] Failed to load resource: the server responded with a status of 400 (Bad Request) @ https://be.olpos.id/e_commerce/v1/auth/register:0
[  174106ms] [LOG] %c⚠️ Peringatan Keamanan font-size:24px; font-weight:bold; color:#ef4444; @ https://store.olpos.id/_olpos/CzLyqVQ-.js:20
[  174106ms] [LOG] %cHalaman ini dilindungi. Jangan menempelkan kode atau skrip yang tidak dikenal di console.
Fitur ini hanya untuk developer yang berwenang. font-size:13px; color:#666; line-height:1.5; @ https://store.olpos.id/_olpos/CzLyqVQ-.js:20
[  175286ms] [ERROR] Failed to load resource: the server responded with a status of 400 (Bad Request) @ https://be.olpos.id/e_commerce/v1/auth/register:0
[  177583ms] [LOG] %c⚠️ Peringatan Keamanan font-size:24px; font-weight:bold; color:#ef4444; @ https://store.olpos.id/_olpos/CzLyqVQ-.js:20
[  177583ms] [LOG] %cHalaman ini dilindungi. Jangan menempelkan kode atau skrip yang tidak dikenal di console.
Fitur ini hanya untuk developer yang berwenang. font-size:13px; color:#666; line-height:1.5; @ https://store.olpos.id/_olpos/CzLyqVQ-.js:20
[  178965ms] [ERROR] Failed to load resource: the server responded with a status of 400 (Bad Request) @ https://be.olpos.id/e_commerce/v1/auth/register:0
[  181111ms] [LOG] %c⚠️ Peringatan Keamanan font-size:24px; font-weight:bold; color:#ef4444; @ https://store.olpos.id/_olpos/CzLyqVQ-.js:20
[  181114ms] [LOG] %cHalaman ini dilindungi. Jangan menempelkan kode atau skrip yang tidak dikenal di console.
Fitur ini hanya untuk developer yang berwenang. font-size:13px; color:#666; line-height:1.5; @ https://store.olpos.id/_olpos/CzLyqVQ-.js:20
[  182751ms] [ERROR] Failed to load resource: the server responded with a status of 400 (Bad Request) @ https://be.olpos.id/e_commerce/v1/auth/register:0
[  248187ms] [LOG] %c⚠️ Peringatan Keamanan font-size:24px; font-weight:bold; color:#ef4444; @ https://store.olpos.id/_olpos/CzLyqVQ-.js:20
[  248187ms] [LOG] %cHalaman ini dilindungi. Jangan menempelkan kode atau skrip yang tidak dikenal di console.
Fitur ini hanya untuk developer yang berwenang. font-size:13px; color:#666; line-height:1.5; @ https://store.olpos.id/_olpos/CzLyqVQ-.js:20
[  249435ms] [ERROR] Failed to load resource: the server responded with a status of 401 (Unauthorized) @ https://be.olpos.id/e_commerce/v1/me:0
[  262359ms] [LOG] %c⚠️ Peringatan Keamanan font-size:24px; font-weight:bold; color:#ef4444; @ https://store.olpos.id/_olpos/CzLyqVQ-.js:20
[  262359ms] [LOG] %cHalaman ini dilindungi. Jangan menempelkan kode atau skrip yang tidak dikenal di console.
Fitur ini hanya untuk developer yang berwenang. font-size:13px; color:#666; line-height:1.5; @ https://store.olpos.id/_olpos/CzLyqVQ-.js:20
[  275490ms] [LOG] %c⚠️ Peringatan Keamanan font-size:24px; font-weight:bold; color:#ef4444; @ https://store.olpos.id/_olpos/CzLyqVQ-.js:20
[  275490ms] [LOG] %cHalaman ini dilindungi. Jangan menempelkan kode atau skrip yang tidak dikenal di console.
Fitur ini hanya untuk developer yang berwenang. font-size:13px; color:#666; line-height:1.5; @ https://store.olpos.id/_olpos/CzLyqVQ-.js:20
[  277078ms] [ERROR] Failed to load resource: the server responded with a status of 401 (Unauthorized) @ https://be.olpos.id/e_commerce/v1/me:0
