[    1819ms] [LOG] %c⚠️ Peringatan Keamanan font-size:24px; font-weight:bold; color:#ef4444; @ https://store.olpos.id/_olpos/HLC5pHQg.js:20
[    1819ms] [LOG] %cHalaman ini dilindungi. Jangan menempelkan kode atau skrip yang tidak dikenal di console.
Fitur ini hanya untuk developer yang berwenang. font-size:13px; color:#666; line-height:1.5; @ https://store.olpos.id/_olpos/HLC5pHQg.js:20
[   43622ms] [LOG] %c⚠️ Peringatan Keamanan font-size:24px; font-weight:bold; color:#ef4444; @ https://store.olpos.id/_olpos/HLC5pHQg.js:20
[   43622ms] [LOG] %cHalaman ini dilindungi. Jangan menempelkan kode atau skrip yang tidak dikenal di console.
Fitur ini hanya untuk developer yang berwenang. font-size:13px; color:#666; line-height:1.5; @ https://store.olpos.id/_olpos/HLC5pHQg.js:20
[   55199ms] [LOG] %c⚠️ Peringatan Keamanan font-size:24px; font-weight:bold; color:#ef4444; @ https://store.olpos.id/_olpos/HLC5pHQg.js:20
[   55199ms] [LOG] %cHalaman ini dilindungi. Jangan menempelkan kode atau skrip yang tidak dikenal di console.
Fitur ini hanya untuk developer yang berwenang. font-size:13px; color:#666; line-height:1.5; @ https://store.olpos.id/_olpos/HLC5pHQg.js:20
[   74641ms] [LOG] %c⚠️ Peringatan Keamanan font-size:24px; font-weight:bold; color:#ef4444; @ https://store.olpos.id/_olpos/HLC5pHQg.js:20
[   74641ms] [LOG] %cHalaman ini dilindungi. Jangan menempelkan kode atau skrip yang tidak dikenal di console.
Fitur ini hanya untuk developer yang berwenang. font-size:13px; color:#666; line-height:1.5; @ https://store.olpos.id/_olpos/HLC5pHQg.js:20
[  114637ms] [LOG] %c⚠️ Peringatan Keamanan font-size:24px; font-weight:bold; color:#ef4444; @ https://store.olpos.id/_olpos/HLC5pHQg.js:20
[  114637ms] [LOG] %cHalaman ini dilindungi. Jangan menempelkan kode atau skrip yang tidak dikenal di console.
Fitur ini hanya untuk developer yang berwenang. font-size:13px; color:#666; line-height:1.5; @ https://store.olpos.id/_olpos/HLC5pHQg.js:20
[  126781ms] [LOG] %c⚠️ Peringatan Keamanan font-size:24px; font-weight:bold; color:#ef4444; @ https://store.olpos.id/_olpos/HLC5pHQg.js:20
[  126782ms] [LOG] %cHalaman ini dilindungi. Jangan menempelkan kode atau skrip yang tidak dikenal di console.
Fitur ini hanya untuk developer yang berwenang. font-size:13px; color:#666; line-height:1.5; @ https://store.olpos.id/_olpos/HLC5pHQg.js:20
[  168069ms] [LOG] %c⚠️ Peringatan Keamanan font-size:24px; font-weight:bold; color:#ef4444; @ https://store.olpos.id/_olpos/HLC5pHQg.js:20
[  168069ms] [LOG] %cHalaman ini dilindungi. Jangan menempelkan kode atau skrip yang tidak dikenal di console.
Fitur ini hanya untuk developer yang berwenang. font-size:13px; color:#666; line-height:1.5; @ https://store.olpos.id/_olpos/HLC5pHQg.js:20
[  210739ms] [LOG] %c⚠️ Peringatan Keamanan font-size:24px; font-weight:bold; color:#ef4444; @ https://store.olpos.id/_olpos/HLC5pHQg.js:20
[  210739ms] [LOG] %cHalaman ini dilindungi. Jangan menempelkan kode atau skrip yang tidak dikenal di console.
Fitur ini hanya untuk developer yang berwenang. font-size:13px; color:#666; line-height:1.5; @ https://store.olpos.id/_olpos/HLC5pHQg.js:20
[  241423ms] [LOG] %c⚠️ Peringatan Keamanan font-size:24px; font-weight:bold; color:#ef4444; @ https://store.olpos.id/_olpos/HLC5pHQg.js:20
[  241423ms] [LOG] %cHalaman ini dilindungi. Jangan menempelkan kode atau skrip yang tidak dikenal di console.
Fitur ini hanya untuk developer yang berwenang. font-size:13px; color:#666; line-height:1.5; @ https://store.olpos.id/_olpos/HLC5pHQg.js:20
[  242916ms] [ERROR] Failed to load resource: the server responded with a status of 400 (Bad Request) @ https://be.olpos.id/e_commerce/v1/auth/verify-otp:0
[  257311ms] [LOG] %c⚠️ Peringatan Keamanan font-size:24px; font-weight:bold; color:#ef4444; @ https://store.olpos.id/_olpos/HLC5pHQg.js:20
[  257311ms] [LOG] %cHalaman ini dilindungi. Jangan menempelkan kode atau skrip yang tidak dikenal di console.
Fitur ini hanya untuk developer yang berwenang. font-size:13px; color:#666; line-height:1.5; @ https://store.olpos.id/_olpos/HLC5pHQg.js:20
[  864245ms] [LOG] %c⚠️ Peringatan Keamanan font-size:24px; font-weight:bold; color:#ef4444; @ https://store.olpos.id/_olpos/HLC5pHQg.js:20
[  864246ms] [LOG] %cHalaman ini dilindungi. Jangan menempelkan kode atau skrip yang tidak dikenal di console.
Fitur ini hanya untuk developer yang berwenang. font-size:13px; color:#666; line-height:1.5; @ https://store.olpos.id/_olpos/HLC5pHQg.js:20
[  865352ms] [ERROR] Failed to load resource: the server responded with a status of 404 (Not Found) @ https://be.olpos.id/e_commerce/v1/auth/forgot-password:0
[  911521ms] [LOG] %c⚠️ Peringatan Keamanan font-size:24px; font-weight:bold; color:#ef4444; @ https://store.olpos.id/_olpos/HLC5pHQg.js:20
[  911521ms] [LOG] %cHalaman ini dilindungi. Jangan menempelkan kode atau skrip yang tidak dikenal di console.
Fitur ini hanya untuk developer yang berwenang. font-size:13px; color:#666; line-height:1.5; @ https://store.olpos.id/_olpos/HLC5pHQg.js:20
[  928744ms] [LOG] %c⚠️ Peringatan Keamanan font-size:24px; font-weight:bold; color:#ef4444; @ https://store.olpos.id/_olpos/HLC5pHQg.js:20
[  928744ms] [LOG] %cHalaman ini dilindungi. Jangan menempelkan kode atau skrip yang tidak dikenal di console.
Fitur ini hanya untuk developer yang berwenang. font-size:13px; color:#666; line-height:1.5; @ https://store.olpos.id/_olpos/HLC5pHQg.js:20
