[   11149ms] [LOG] %c⚠️ Peringatan Keamanan font-size:24px; font-weight:bold; color:#ef4444; @ https://store.olpos.id/_olpos/Ly8rE41n.js:20
[   11152ms] [LOG] %cHalaman ini dilindungi. Jangan menempelkan kode atau skrip yang tidak dikenal di console.
Fitur ini hanya untuk developer yang berwenang. font-size:13px; color:#666; line-height:1.5; @ https://store.olpos.id/_olpos/Ly8rE41n.js:20
[   99148ms] [LOG] %c⚠️ Peringatan Keamanan font-size:24px; font-weight:bold; color:#ef4444; @ https://store.olpos.id/_olpos/Ly8rE41n.js:20
[   99148ms] [LOG] %cHalaman ini dilindungi. Jangan menempelkan kode atau skrip yang tidak dikenal di console.
Fitur ini hanya untuk developer yang berwenang. font-size:13px; color:#666; line-height:1.5; @ https://store.olpos.id/_olpos/Ly8rE41n.js:20
[  101569ms] [ERROR] Failed to load resource: the server responded with a status of 409 (Conflict) @ https://be.olpos.id/e_commerce/v1/auth/register:0
[  124069ms] [LOG] %c⚠️ Peringatan Keamanan font-size:24px; font-weight:bold; color:#ef4444; @ https://store.olpos.id/_olpos/Ly8rE41n.js:20
[  124069ms] [LOG] %cHalaman ini dilindungi. Jangan menempelkan kode atau skrip yang tidak dikenal di console.
Fitur ini hanya untuk developer yang berwenang. font-size:13px; color:#666; line-height:1.5; @ https://store.olpos.id/_olpos/Ly8rE41n.js:20
[  125620ms] [ERROR] Failed to load resource: the server responded with a status of 401 (Unauthorized) @ https://be.olpos.id/e_commerce/v1/me:0
[  159095ms] [LOG] %c⚠️ Peringatan Keamanan font-size:24px; font-weight:bold; color:#ef4444; @ https://store.olpos.id/_olpos/Ly8rE41n.js:20
[  159095ms] [LOG] %cHalaman ini dilindungi. Jangan menempelkan kode atau skrip yang tidak dikenal di console.
Fitur ini hanya untuk developer yang berwenang. font-size:13px; color:#666; line-height:1.5; @ https://store.olpos.id/_olpos/Ly8rE41n.js:20
[  160313ms] [ERROR] Failed to load resource: the server responded with a status of 409 (Conflict) @ https://be.olpos.id/e_commerce/v1/auth/register:0
[  185970ms] [LOG] %c⚠️ Peringatan Keamanan font-size:24px; font-weight:bold; color:#ef4444; @ https://store.olpos.id/_olpos/Ly8rE41n.js:20
[  185970ms] [LOG] %cHalaman ini dilindungi. Jangan menempelkan kode atau skrip yang tidak dikenal di console.
Fitur ini hanya untuk developer yang berwenang. font-size:13px; color:#666; line-height:1.5; @ https://store.olpos.id/_olpos/Ly8rE41n.js:20
[  187368ms] [ERROR] Failed to load resource: the server responded with a status of 400 (Bad Request) @ https://be.olpos.id/e_commerce/v1/auth/register:0
[  305005ms] [LOG] %c⚠️ Peringatan Keamanan font-size:24px; font-weight:bold; color:#ef4444; @ https://store.olpos.id/_olpos/Ly8rE41n.js:20
[  305006ms] [LOG] %cHalaman ini dilindungi. Jangan menempelkan kode atau skrip yang tidak dikenal di console.
Fitur ini hanya untuk developer yang berwenang. font-size:13px; color:#666; line-height:1.5; @ https://store.olpos.id/_olpos/Ly8rE41n.js:20
[  340549ms] [LOG] %c⚠️ Peringatan Keamanan font-size:24px; font-weight:bold; color:#ef4444; @ https://store.olpos.id/_olpos/Ly8rE41n.js:20
[  340557ms] [LOG] %cHalaman ini dilindungi. Jangan menempelkan kode atau skrip yang tidak dikenal di console.
Fitur ini hanya untuk developer yang berwenang. font-size:13px; color:#666; line-height:1.5; @ https://store.olpos.id/_olpos/Ly8rE41n.js:20
[  358908ms] [ERROR] Failed to load resource: the server responded with a status of 400 (Bad Request) @ https://be.olpos.id/e_commerce/v1/auth/register:0
[  394344ms] [LOG] %c⚠️ Peringatan Keamanan font-size:24px; font-weight:bold; color:#ef4444; @ https://store.olpos.id/_olpos/Ly8rE41n.js:20
[  394345ms] [LOG] %cHalaman ini dilindungi. Jangan menempelkan kode atau skrip yang tidak dikenal di console.
Fitur ini hanya untuk developer yang berwenang. font-size:13px; color:#666; line-height:1.5; @ https://store.olpos.id/_olpos/Ly8rE41n.js:20
[  405216ms] [ERROR] Failed to load resource: the server responded with a status of 400 (Bad Request) @ https://be.olpos.id/e_commerce/v1/auth/register:0
[  425879ms] [LOG] %c⚠️ Peringatan Keamanan font-size:24px; font-weight:bold; color:#ef4444; @ https://store.olpos.id/_olpos/Ly8rE41n.js:20
[  425879ms] [LOG] %cHalaman ini dilindungi. Jangan menempelkan kode atau skrip yang tidak dikenal di console.
Fitur ini hanya untuk developer yang berwenang. font-size:13px; color:#666; line-height:1.5; @ https://store.olpos.id/_olpos/Ly8rE41n.js:20
[  427600ms] [ERROR] Failed to load resource: the server responded with a status of 400 (Bad Request) @ https://be.olpos.id/e_commerce/v1/auth/register:0
